-------------------------------------------------------------------------------
Test set: FilmRepositoryTest
-------------------------------------------------------------------------------
Tests run: 1, Failures: 0, Errors: 1, Skipped: 0, Time elapsed: 6.009 s <<< FAILURE! - in FilmRepositoryTest
FilmRepositoryTest.test  Time elapsed: 0.017 s  <<< ERROR!
java.lang.RuntimeException: 
java.lang.RuntimeException: io.quarkus.builder.BuildException: Build failure: Build failed due to errors
	[error]: Build step io.quarkus.hibernate.orm.deployment.HibernateOrmProcessor#enhancerDomainObjects threw an exception: org.hibernate.bytecode.enhance.spi.EnhancementException: Failed to enhance class io.quarkus.hibernate.orm.panache.PanacheEntity
	at org.hibernate.bytecode.enhance.internal.bytebuddy.EnhancerImpl.enhance(EnhancerImpl.java:157)
	at io.quarkus.hibernate.orm.deployment.HibernateEntityEnhancer.enhance(HibernateEntityEnhancer.java:101)
	at io.quarkus.hibernate.orm.deployment.HibernateOrmProcessor.enhanceEntities(HibernateOrmProcessor.java:1266)
	at io.quarkus.hibernate.orm.deployment.HibernateOrmProcessor.enhancerDomainObjects(HibernateOrmProcessor.java:627)
	at java.base/jdk.internal.reflect.DirectMethodHandleAccessor.invoke(DirectMethodHandleAccessor.java:103)
	at java.base/java.lang.reflect.Method.invoke(Method.java:580)
	at io.quarkus.deployment.ExtensionLoader$3.execute(ExtensionLoader.java:909)
	at io.quarkus.builder.BuildContext.run(BuildContext.java:282)
	at org.jboss.threads.ContextHandler$1.runWith(ContextHandler.java:18)
	at org.jboss.threads.EnhancedQueueExecutor$Task.run(EnhancedQueueExecutor.java:2513)
	at org.jboss.threads.EnhancedQueueExecutor$ThreadBody.run(EnhancedQueueExecutor.java:1538)
	at java.base/java.lang.Thread.run(Thread.java:1583)
	at org.jboss.threads.JBossThread.run(JBossThread.java:501)
Caused by: java.lang.IllegalArgumentException: Java 21 (65) is not supported by the current version of Byte Buddy which officially supports Java 20 (64) - update Byte Buddy or set net.bytebuddy.experimental as a VM property
	at net.bytebuddy.utility.OpenedClassReader.of(OpenedClassReader.java:96)
	at net.bytebuddy.pool.TypePool$Default.parse(TypePool.java:855)
	at net.bytebuddy.pool.TypePool$Default.doDescribe(TypePool.java:841)
	at net.bytebuddy.pool.TypePool$Default$WithLazyResolution.access$001(TypePool.java:921)
	at net.bytebuddy.pool.TypePool$Default$WithLazyResolution.doResolve(TypePool.java:1019)
	at net.bytebuddy.pool.TypePool$Default$WithLazyResolution$LazyTypeDescription.delegate(TypePool.java:1088)
	at net.bytebuddy.description.type.TypeDescription$AbstractBase$OfSimpleType$WithDelegation.getTypeVariables(TypeDescription.java:8448)
	at net.bytebuddy.description.type.TypeDescription$AbstractBase.isGenerified(TypeDescription.java:8059)
	at net.bytebuddy.description.type.TypeDescription$Generic$Visitor$Reifying.onNonGenericType(TypeDescription.java:1707)
	at net.bytebuddy.description.type.TypeDescription$Generic$Visitor$Reifying$1.onNonGenericType(TypeDescription.java:1663)
	at net.bytebuddy.description.type.TypeDescription$Generic$OfNonGenericType.accept(TypeDescription.java:3672)
	at net.bytebuddy.description.type.TypeDescription$Generic$LazyProjection.accept(TypeDescription.java:6222)
	at net.bytebuddy.dynamic.scaffold.MethodGraph$Compiler$Default.analyzeNullable(MethodGraph.java:698)
	at net.bytebuddy.dynamic.scaffold.MethodGraph$Compiler$Default.doAnalyze(MethodGraph.java:712)
	at net.bytebuddy.dynamic.scaffold.MethodGraph$Compiler$Default.analyze(MethodGraph.java:679)
	at net.bytebuddy.dynamic.scaffold.MethodGraph$Compiler$Default.analyzeNullable(MethodGraph.java:698)
	at net.bytebuddy.dynamic.scaffold.MethodGraph$Compiler$Default.doAnalyze(MethodGraph.java:712)
	at net.bytebuddy.dynamic.scaffold.MethodGraph$Compiler$Default.compile(MethodGraph.java:637)
	at net.bytebuddy.dynamic.scaffold.MethodGraph$Compiler$AbstractBase.compile(MethodGraph.java:527)
	at org.hibernate.bytecode.enhance.internal.bytebuddy.ByteBuddyEnhancementContext.lambda$resolveGetter$0(ByteBuddyEnhancementContext.java:94)
	at java.base/java.util.concurrent.ConcurrentHashMap.computeIfAbsent(ConcurrentHashMap.java:1708)
	at org.hibernate.bytecode.enhance.internal.bytebuddy.ByteBuddyEnhancementContext.resolveGetter(ByteBuddyEnhancementContext.java:93)
	at org.hibernate.bytecode.enhance.internal.bytebuddy.EnhancerImpl$AnnotatedFieldDescription.getGetter(EnhancerImpl.java:545)
	at org.hibernate.bytecode.enhance.internal.bytebuddy.EnhancerImpl$AnnotatedFieldDescription.doGetAnnotations(EnhancerImpl.java:574)
	at org.hibernate.bytecode.enhance.internal.bytebuddy.EnhancerImpl$AnnotatedFieldDescription.getAnnotations(EnhancerImpl.java:553)
	at org.hibernate.bytecode.enhance.internal.bytebuddy.EnhancerImpl$AnnotatedFieldDescription.hasAnnotation(EnhancerImpl.java:503)
	at org.hibernate.bytecode.enhance.spi.DefaultEnhancementContext.isPersistentField(DefaultEnhancementContext.java:103)
	at org.hibernate.bytecode.enhance.internal.bytebuddy.ByteBuddyEnhancementContext.isPersistentField(ByteBuddyEnhancementContext.java:68)
	at org.hibernate.bytecode.enhance.internal.bytebuddy.PersistentAttributeTransformer.collectPersistentFields(PersistentAttributeTransformer.java:123)
	at org.hibernate.bytecode.enhance.internal.bytebuddy.EnhancerImpl.createTransformer(EnhancerImpl.java:384)
	at org.hibernate.bytecode.enhance.internal.bytebuddy.EnhancerImpl.doEnhance(EnhancerImpl.java:371)
	at org.hibernate.bytecode.enhance.internal.bytebuddy.EnhancerImpl.lambda$enhance$0(EnhancerImpl.java:151)
	at org.hibernate.bytecode.internal.bytebuddy.ByteBuddyState.rewrite(ByteBuddyState.java:163)
	at org.hibernate.bytecode.enhance.internal.bytebuddy.EnhancerImpl.enhance(EnhancerImpl.java:151)
	... 12 more

	at io.quarkus.test.junit.QuarkusTestExtension.throwBootFailureException(QuarkusTestExtension.java:640)
	at io.quarkus.test.junit.QuarkusTestExtension.interceptTestClassConstructor(QuarkusTestExtension.java:711)
	at org.junit.jupiter.engine.execution.InterceptingExecutableInvoker.lambda$invoke$0(InterceptingExecutableInvoker.java:93)
	at org.junit.jupiter.engine.execution.InvocationInterceptorChain$InterceptedInvocation.proceed(InvocationInterceptorChain.java:106)
	at org.junit.jupiter.api.extension.InvocationInterceptor.interceptTestClassConstructor(InvocationInterceptor.java:73)
	at org.junit.jupiter.engine.execution.InterceptingExecutableInvoker.lambda$invoke$0(InterceptingExecutableInvoker.java:93)
	at org.junit.jupiter.engine.execution.InvocationInterceptorChain$InterceptedInvocation.proceed(InvocationInterceptorChain.java:106)
	at org.junit.jupiter.engine.execution.InvocationInterceptorChain.proceed(InvocationInterceptorChain.java:64)
	at org.junit.jupiter.engine.execution.InvocationInterceptorChain.chainAndInvoke(InvocationInterceptorChain.java:45)
	at org.junit.jupiter.engine.execution.InvocationInterceptorChain.invoke(InvocationInterceptorChain.java:37)
	at org.junit.jupiter.engine.execution.InterceptingExecutableInvoker.invoke(InterceptingExecutableInvoker.java:92)
	at org.junit.jupiter.engine.execution.InterceptingExecutableInvoker.invoke(InterceptingExecutableInvoker.java:62)
	at org.junit.jupiter.engine.descriptor.ClassBasedTestDescriptor.invokeTestClassConstructor(ClassBasedTestDescriptor.java:363)
	at org.junit.jupiter.engine.descriptor.ClassBasedTestDescriptor.instantiateTestClass(ClassBasedTestDescriptor.java:310)
	at org.junit.jupiter.engine.descriptor.ClassTestDescriptor.instantiateTestClass(ClassTestDescriptor.java:79)
	at org.junit.jupiter.engine.descriptor.ClassBasedTestDescriptor.instantiateAndPostProcessTestInstance(ClassBasedTestDescriptor.java:286)
	at org.junit.jupiter.engine.descriptor.ClassBasedTestDescriptor.lambda$testInstancesProvider$4(ClassBasedTestDescriptor.java:278)
	at java.base/java.util.Optional.orElseGet(Optional.java:364)
	at org.junit.jupiter.engine.descriptor.ClassBasedTestDescriptor.lambda$testInstancesProvider$5(ClassBasedTestDescriptor.java:277)
	at org.junit.jupiter.engine.execution.TestInstancesProvider.getTestInstances(TestInstancesProvider.java:31)
	at org.junit.jupiter.engine.descriptor.TestMethodTestDescriptor.lambda$prepare$0(TestMethodTestDescriptor.java:105)
	at org.junit.platform.engine.support.hierarchical.ThrowableCollector.execute(ThrowableCollector.java:73)
	at org.junit.jupiter.engine.descriptor.TestMethodTestDescriptor.prepare(TestMethodTestDescriptor.java:104)
	at org.junit.jupiter.engine.descriptor.TestMethodTestDescriptor.prepare(TestMethodTestDescriptor.java:68)
	at org.junit.platform.engine.support.hierarchical.NodeTestTask.lambda$prepare$2(NodeTestTask.java:123)
	at org.junit.platform.engine.support.hierarchical.ThrowableCollector.execute(ThrowableCollector.java:73)
	at org.junit.platform.engine.support.hierarchical.NodeTestTask.prepare(NodeTestTask.java:123)
	at org.junit.platform.engine.support.hierarchical.NodeTestTask.execute(NodeTestTask.java:90)
	at java.base/java.util.ArrayList.forEach(ArrayList.java:1596)
	at org.junit.platform.engine.support.hierarchical.SameThreadHierarchicalTestExecutorService.invokeAll(SameThreadHierarchicalTestExecutorService.java:41)
	at org.junit.platform.engine.support.hierarchical.NodeTestTask.lambda$executeRecursively$6(NodeTestTask.java:155)
	at org.junit.platform.engine.support.hierarchical.ThrowableCollector.execute(ThrowableCollector.java:73)
	at org.junit.platform.engine.support.hierarchical.NodeTestTask.lambda$executeRecursively$8(NodeTestTask.java:141)
	at org.junit.platform.engine.support.hierarchical.Node.around(Node.java:137)
	at org.junit.platform.engine.support.hierarchical.NodeTestTask.lambda$executeRecursively$9(NodeTestTask.java:139)
	at org.junit.platform.engine.support.hierarchical.ThrowableCollector.execute(ThrowableCollector.java:73)
	at org.junit.platform.engine.support.hierarchical.NodeTestTask.executeRecursively(NodeTestTask.java:138)
	at org.junit.platform.engine.support.hierarchical.NodeTestTask.execute(NodeTestTask.java:95)
	at java.base/java.util.ArrayList.forEach(ArrayList.java:1596)
	at org.junit.platform.engine.support.hierarchical.SameThreadHierarchicalTestExecutorService.invokeAll(SameThreadHierarchicalTestExecutorService.java:41)
	at org.junit.platform.engine.support.hierarchical.NodeTestTask.lambda$executeRecursively$6(NodeTestTask.java:155)
	at org.junit.platform.engine.support.hierarchical.ThrowableCollector.execute(ThrowableCollector.java:73)
	at org.junit.platform.engine.support.hierarchical.NodeTestTask.lambda$executeRecursively$8(NodeTestTask.java:141)
	at org.junit.platform.engine.support.hierarchical.Node.around(Node.java:137)
	at org.junit.platform.engine.support.hierarchical.NodeTestTask.lambda$executeRecursively$9(NodeTestTask.java:139)
	at org.junit.platform.engine.support.hierarchical.ThrowableCollector.execute(ThrowableCollector.java:73)
	at org.junit.platform.engine.support.hierarchical.NodeTestTask.executeRecursively(NodeTestTask.java:138)
	at org.junit.platform.engine.support.hierarchical.NodeTestTask.execute(NodeTestTask.java:95)
	at org.junit.platform.engine.support.hierarchical.SameThreadHierarchicalTestExecutorService.submit(SameThreadHierarchicalTestExecutorService.java:35)
	at org.junit.platform.engine.support.hierarchical.HierarchicalTestExecutor.execute(HierarchicalTestExecutor.java:57)
	at org.junit.platform.engine.support.hierarchical.HierarchicalTestEngine.execute(HierarchicalTestEngine.java:54)
	at org.junit.platform.launcher.core.EngineExecutionOrchestrator.execute(EngineExecutionOrchestrator.java:147)
	at org.junit.platform.launcher.core.EngineExecutionOrchestrator.execute(EngineExecutionOrchestrator.java:127)
	at org.junit.platform.launcher.core.EngineExecutionOrchestrator.execute(EngineExecutionOrchestrator.java:90)
	at org.junit.platform.launcher.core.EngineExecutionOrchestrator.lambda$execute$0(EngineExecutionOrchestrator.java:55)
	at org.junit.platform.launcher.core.EngineExecutionOrchestrator.withInterceptedStreams(EngineExecutionOrchestrator.java:102)
	at org.junit.platform.launcher.core.EngineExecutionOrchestrator.execute(EngineExecutionOrchestrator.java:54)
	at org.junit.platform.launcher.core.DefaultLauncher.execute(DefaultLauncher.java:114)
	at org.junit.platform.launcher.core.DefaultLauncher.execute(DefaultLauncher.java:86)
	at org.junit.platform.launcher.core.DefaultLauncherSession$DelegatingLauncher.execute(DefaultLauncherSession.java:86)
	at org.apache.maven.surefire.junitplatform.LazyLauncher.execute(LazyLauncher.java:50)
	at org.apache.maven.surefire.junitplatform.JUnitPlatformProvider.execute(JUnitPlatformProvider.java:184)
	at org.apache.maven.surefire.junitplatform.JUnitPlatformProvider.invokeAllTests(JUnitPlatformProvider.java:148)
	at org.apache.maven.surefire.junitplatform.JUnitPlatformProvider.invoke(JUnitPlatformProvider.java:122)
	at org.apache.maven.surefire.booter.ForkedBooter.runSuitesInProcess(ForkedBooter.java:385)
	at org.apache.maven.surefire.booter.ForkedBooter.execute(ForkedBooter.java:162)
	at org.apache.maven.surefire.booter.ForkedBooter.run(ForkedBooter.java:507)
	at org.apache.maven.surefire.booter.ForkedBooter.main(ForkedBooter.java:495)
Caused by: java.lang.RuntimeException: io.quarkus.builder.BuildException: Build failure: Build failed due to errors
	[error]: Build step io.quarkus.hibernate.orm.deployment.HibernateOrmProcessor#enhancerDomainObjects threw an exception: org.hibernate.bytecode.enhance.spi.EnhancementException: Failed to enhance class io.quarkus.hibernate.orm.panache.PanacheEntity
	at org.hibernate.bytecode.enhance.internal.bytebuddy.EnhancerImpl.enhance(EnhancerImpl.java:157)
	at io.quarkus.hibernate.orm.deployment.HibernateEntityEnhancer.enhance(HibernateEntityEnhancer.java:101)
	at io.quarkus.hibernate.orm.deployment.HibernateOrmProcessor.enhanceEntities(HibernateOrmProcessor.java:1266)
	at io.quarkus.hibernate.orm.deployment.HibernateOrmProcessor.enhancerDomainObjects(HibernateOrmProcessor.java:627)
	at java.base/jdk.internal.reflect.DirectMethodHandleAccessor.invoke(DirectMethodHandleAccessor.java:103)
	at java.base/java.lang.reflect.Method.invoke(Method.java:580)
	at io.quarkus.deployment.ExtensionLoader$3.execute(ExtensionLoader.java:909)
	at io.quarkus.builder.BuildContext.run(BuildContext.java:282)
	at org.jboss.threads.ContextHandler$1.runWith(ContextHandler.java:18)
	at org.jboss.threads.EnhancedQueueExecutor$Task.run(EnhancedQueueExecutor.java:2513)
	at org.jboss.threads.EnhancedQueueExecutor$ThreadBody.run(EnhancedQueueExecutor.java:1538)
	at java.base/java.lang.Thread.run(Thread.java:1583)
	at org.jboss.threads.JBossThread.run(JBossThread.java:501)
Caused by: java.lang.IllegalArgumentException: Java 21 (65) is not supported by the current version of Byte Buddy which officially supports Java 20 (64) - update Byte Buddy or set net.bytebuddy.experimental as a VM property
	at net.bytebuddy.utility.OpenedClassReader.of(OpenedClassReader.java:96)
	at net.bytebuddy.pool.TypePool$Default.parse(TypePool.java:855)
	at net.bytebuddy.pool.TypePool$Default.doDescribe(TypePool.java:841)
	at net.bytebuddy.pool.TypePool$Default$WithLazyResolution.access$001(TypePool.java:921)
	at net.bytebuddy.pool.TypePool$Default$WithLazyResolution.doResolve(TypePool.java:1019)
	at net.bytebuddy.pool.TypePool$Default$WithLazyResolution$LazyTypeDescription.delegate(TypePool.java:1088)
	at net.bytebuddy.description.type.TypeDescription$AbstractBase$OfSimpleType$WithDelegation.getTypeVariables(TypeDescription.java:8448)
	at net.bytebuddy.description.type.TypeDescription$AbstractBase.isGenerified(TypeDescription.java:8059)
	at net.bytebuddy.description.type.TypeDescription$Generic$Visitor$Reifying.onNonGenericType(TypeDescription.java:1707)
	at net.bytebuddy.description.type.TypeDescription$Generic$Visitor$Reifying$1.onNonGenericType(TypeDescription.java:1663)
	at net.bytebuddy.description.type.TypeDescription$Generic$OfNonGenericType.accept(TypeDescription.java:3672)
	at net.bytebuddy.description.type.TypeDescription$Generic$LazyProjection.accept(TypeDescription.java:6222)
	at net.bytebuddy.dynamic.scaffold.MethodGraph$Compiler$Default.analyzeNullable(MethodGraph.java:698)
	at net.bytebuddy.dynamic.scaffold.MethodGraph$Compiler$Default.doAnalyze(MethodGraph.java:712)
	at net.bytebuddy.dynamic.scaffold.MethodGraph$Compiler$Default.analyze(MethodGraph.java:679)
	at net.bytebuddy.dynamic.scaffold.MethodGraph$Compiler$Default.analyzeNullable(MethodGraph.java:698)
	at net.bytebuddy.dynamic.scaffold.MethodGraph$Compiler$Default.doAnalyze(MethodGraph.java:712)
	at net.bytebuddy.dynamic.scaffold.MethodGraph$Compiler$Default.compile(MethodGraph.java:637)
	at net.bytebuddy.dynamic.scaffold.MethodGraph$Compiler$AbstractBase.compile(MethodGraph.java:527)
	at org.hibernate.bytecode.enhance.internal.bytebuddy.ByteBuddyEnhancementContext.lambda$resolveGetter$0(ByteBuddyEnhancementContext.java:94)
	at java.base/java.util.concurrent.ConcurrentHashMap.computeIfAbsent(ConcurrentHashMap.java:1708)
	at org.hibernate.bytecode.enhance.internal.bytebuddy.ByteBuddyEnhancementContext.resolveGetter(ByteBuddyEnhancementContext.java:93)
	at org.hibernate.bytecode.enhance.internal.bytebuddy.EnhancerImpl$AnnotatedFieldDescription.getGetter(EnhancerImpl.java:545)
	at org.hibernate.bytecode.enhance.internal.bytebuddy.EnhancerImpl$AnnotatedFieldDescription.doGetAnnotations(EnhancerImpl.java:574)
	at org.hibernate.bytecode.enhance.internal.bytebuddy.EnhancerImpl$AnnotatedFieldDescription.getAnnotations(EnhancerImpl.java:553)
	at org.hibernate.bytecode.enhance.internal.bytebuddy.EnhancerImpl$AnnotatedFieldDescription.hasAnnotation(EnhancerImpl.java:503)
	at org.hibernate.bytecode.enhance.spi.DefaultEnhancementContext.isPersistentField(DefaultEnhancementContext.java:103)
	at org.hibernate.bytecode.enhance.internal.bytebuddy.ByteBuddyEnhancementContext.isPersistentField(ByteBuddyEnhancementContext.java:68)
	at org.hibernate.bytecode.enhance.internal.bytebuddy.PersistentAttributeTransformer.collectPersistentFields(PersistentAttributeTransformer.java:123)
	at org.hibernate.bytecode.enhance.internal.bytebuddy.EnhancerImpl.createTransformer(EnhancerImpl.java:384)
	at org.hibernate.bytecode.enhance.internal.bytebuddy.EnhancerImpl.doEnhance(EnhancerImpl.java:371)
	at org.hibernate.bytecode.enhance.internal.bytebuddy.EnhancerImpl.lambda$enhance$0(EnhancerImpl.java:151)
	at org.hibernate.bytecode.internal.bytebuddy.ByteBuddyState.rewrite(ByteBuddyState.java:163)
	at org.hibernate.bytecode.enhance.internal.bytebuddy.EnhancerImpl.enhance(EnhancerImpl.java:151)
	... 12 more

	at io.quarkus.runner.bootstrap.AugmentActionImpl.runAugment(AugmentActionImpl.java:335)
	at io.quarkus.runner.bootstrap.AugmentActionImpl.createInitialRuntimeApplication(AugmentActionImpl.java:252)
	at io.quarkus.runner.bootstrap.AugmentActionImpl.createInitialRuntimeApplication(AugmentActionImpl.java:60)
	at io.quarkus.test.junit.QuarkusTestExtension.doJavaStart(QuarkusTestExtension.java:223)
	at io.quarkus.test.junit.QuarkusTestExtension.ensureStarted(QuarkusTestExtension.java:607)
	at io.quarkus.test.junit.QuarkusTestExtension.beforeAll(QuarkusTestExtension.java:655)
	at org.junit.jupiter.engine.descriptor.ClassBasedTestDescriptor.lambda$invokeBeforeAllCallbacks$12(ClassBasedTestDescriptor.java:395)
	at org.junit.platform.engine.support.hierarchical.ThrowableCollector.execute(ThrowableCollector.java:73)
	at org.junit.jupiter.engine.descriptor.ClassBasedTestDescriptor.invokeBeforeAllCallbacks(ClassBasedTestDescriptor.java:395)
	at org.junit.jupiter.engine.descriptor.ClassBasedTestDescriptor.before(ClassBasedTestDescriptor.java:211)
	at org.junit.jupiter.engine.descriptor.ClassBasedTestDescriptor.before(ClassBasedTestDescriptor.java:84)
	at org.junit.platform.engine.support.hierarchical.NodeTestTask.lambda$executeRecursively$6(NodeTestTask.java:148)
	... 37 more
Caused by: io.quarkus.builder.BuildException: Build failure: Build failed due to errors
	[error]: Build step io.quarkus.hibernate.orm.deployment.HibernateOrmProcessor#enhancerDomainObjects threw an exception: org.hibernate.bytecode.enhance.spi.EnhancementException: Failed to enhance class io.quarkus.hibernate.orm.panache.PanacheEntity
	at org.hibernate.bytecode.enhance.internal.bytebuddy.EnhancerImpl.enhance(EnhancerImpl.java:157)
	at io.quarkus.hibernate.orm.deployment.HibernateEntityEnhancer.enhance(HibernateEntityEnhancer.java:101)
	at io.quarkus.hibernate.orm.deployment.HibernateOrmProcessor.enhanceEntities(HibernateOrmProcessor.java:1266)
	at io.quarkus.hibernate.orm.deployment.HibernateOrmProcessor.enhancerDomainObjects(HibernateOrmProcessor.java:627)
	at java.base/jdk.internal.reflect.DirectMethodHandleAccessor.invoke(DirectMethodHandleAccessor.java:103)
	at java.base/java.lang.reflect.Method.invoke(Method.java:580)
	at io.quarkus.deployment.ExtensionLoader$3.execute(ExtensionLoader.java:909)
	at io.quarkus.builder.BuildContext.run(BuildContext.java:282)
	at org.jboss.threads.ContextHandler$1.runWith(ContextHandler.java:18)
	at org.jboss.threads.EnhancedQueueExecutor$Task.run(EnhancedQueueExecutor.java:2513)
	at org.jboss.threads.EnhancedQueueExecutor$ThreadBody.run(EnhancedQueueExecutor.java:1538)
	at java.base/java.lang.Thread.run(Thread.java:1583)
	at org.jboss.threads.JBossThread.run(JBossThread.java:501)
Caused by: java.lang.IllegalArgumentException: Java 21 (65) is not supported by the current version of Byte Buddy which officially supports Java 20 (64) - update Byte Buddy or set net.bytebuddy.experimental as a VM property
	at net.bytebuddy.utility.OpenedClassReader.of(OpenedClassReader.java:96)
	at net.bytebuddy.pool.TypePool$Default.parse(TypePool.java:855)
	at net.bytebuddy.pool.TypePool$Default.doDescribe(TypePool.java:841)
	at net.bytebuddy.pool.TypePool$Default$WithLazyResolution.access$001(TypePool.java:921)
	at net.bytebuddy.pool.TypePool$Default$WithLazyResolution.doResolve(TypePool.java:1019)
	at net.bytebuddy.pool.TypePool$Default$WithLazyResolution$LazyTypeDescription.delegate(TypePool.java:1088)
	at net.bytebuddy.description.type.TypeDescription$AbstractBase$OfSimpleType$WithDelegation.getTypeVariables(TypeDescription.java:8448)
	at net.bytebuddy.description.type.TypeDescription$AbstractBase.isGenerified(TypeDescription.java:8059)
	at net.bytebuddy.description.type.TypeDescription$Generic$Visitor$Reifying.onNonGenericType(TypeDescription.java:1707)
	at net.bytebuddy.description.type.TypeDescription$Generic$Visitor$Reifying$1.onNonGenericType(TypeDescription.java:1663)
	at net.bytebuddy.description.type.TypeDescription$Generic$OfNonGenericType.accept(TypeDescription.java:3672)
	at net.bytebuddy.description.type.TypeDescription$Generic$LazyProjection.accept(TypeDescription.java:6222)
	at net.bytebuddy.dynamic.scaffold.MethodGraph$Compiler$Default.analyzeNullable(MethodGraph.java:698)
	at net.bytebuddy.dynamic.scaffold.MethodGraph$Compiler$Default.doAnalyze(MethodGraph.java:712)
	at net.bytebuddy.dynamic.scaffold.MethodGraph$Compiler$Default.analyze(MethodGraph.java:679)
	at net.bytebuddy.dynamic.scaffold.MethodGraph$Compiler$Default.analyzeNullable(MethodGraph.java:698)
	at net.bytebuddy.dynamic.scaffold.MethodGraph$Compiler$Default.doAnalyze(MethodGraph.java:712)
	at net.bytebuddy.dynamic.scaffold.MethodGraph$Compiler$Default.compile(MethodGraph.java:637)
	at net.bytebuddy.dynamic.scaffold.MethodGraph$Compiler$AbstractBase.compile(MethodGraph.java:527)
	at org.hibernate.bytecode.enhance.internal.bytebuddy.ByteBuddyEnhancementContext.lambda$resolveGetter$0(ByteBuddyEnhancementContext.java:94)
	at java.base/java.util.concurrent.ConcurrentHashMap.computeIfAbsent(ConcurrentHashMap.java:1708)
	at org.hibernate.bytecode.enhance.internal.bytebuddy.ByteBuddyEnhancementContext.resolveGetter(ByteBuddyEnhancementContext.java:93)
	at org.hibernate.bytecode.enhance.internal.bytebuddy.EnhancerImpl$AnnotatedFieldDescription.getGetter(EnhancerImpl.java:545)
	at org.hibernate.bytecode.enhance.internal.bytebuddy.EnhancerImpl$AnnotatedFieldDescription.doGetAnnotations(EnhancerImpl.java:574)
	at org.hibernate.bytecode.enhance.internal.bytebuddy.EnhancerImpl$AnnotatedFieldDescription.getAnnotations(EnhancerImpl.java:553)
	at org.hibernate.bytecode.enhance.internal.bytebuddy.EnhancerImpl$AnnotatedFieldDescription.hasAnnotation(EnhancerImpl.java:503)
	at org.hibernate.bytecode.enhance.spi.DefaultEnhancementContext.isPersistentField(DefaultEnhancementContext.java:103)
	at org.hibernate.bytecode.enhance.internal.bytebuddy.ByteBuddyEnhancementContext.isPersistentField(ByteBuddyEnhancementContext.java:68)
	at org.hibernate.bytecode.enhance.internal.bytebuddy.PersistentAttributeTransformer.collectPersistentFields(PersistentAttributeTransformer.java:123)
	at org.hibernate.bytecode.enhance.internal.bytebuddy.EnhancerImpl.createTransformer(EnhancerImpl.java:384)
	at org.hibernate.bytecode.enhance.internal.bytebuddy.EnhancerImpl.doEnhance(EnhancerImpl.java:371)
	at org.hibernate.bytecode.enhance.internal.bytebuddy.EnhancerImpl.lambda$enhance$0(EnhancerImpl.java:151)
	at org.hibernate.bytecode.internal.bytebuddy.ByteBuddyState.rewrite(ByteBuddyState.java:163)
	at org.hibernate.bytecode.enhance.internal.bytebuddy.EnhancerImpl.enhance(EnhancerImpl.java:151)
	... 12 more

	at io.quarkus.builder.Execution.run(Execution.java:123)
	at io.quarkus.builder.BuildExecutionBuilder.execute(BuildExecutionBuilder.java:79)
	at io.quarkus.deployment.QuarkusAugmentor.run(QuarkusAugmentor.java:160)
	at io.quarkus.runner.bootstrap.AugmentActionImpl.runAugment(AugmentActionImpl.java:331)
	... 48 more
Caused by: org.hibernate.bytecode.enhance.spi.EnhancementException: Failed to enhance class io.quarkus.hibernate.orm.panache.PanacheEntity
	at org.hibernate.bytecode.enhance.internal.bytebuddy.EnhancerImpl.enhance(EnhancerImpl.java:157)
	at io.quarkus.hibernate.orm.deployment.HibernateEntityEnhancer.enhance(HibernateEntityEnhancer.java:101)
	at io.quarkus.hibernate.orm.deployment.HibernateOrmProcessor.enhanceEntities(HibernateOrmProcessor.java:1266)
	at io.quarkus.hibernate.orm.deployment.HibernateOrmProcessor.enhancerDomainObjects(HibernateOrmProcessor.java:627)
	at java.base/jdk.internal.reflect.DirectMethodHandleAccessor.invoke(DirectMethodHandleAccessor.java:103)
	at java.base/java.lang.reflect.Method.invoke(Method.java:580)
	at io.quarkus.deployment.ExtensionLoader$3.execute(ExtensionLoader.java:909)
	at io.quarkus.builder.BuildContext.run(BuildContext.java:282)
	at org.jboss.threads.ContextHandler$1.runWith(ContextHandler.java:18)
	at org.jboss.threads.EnhancedQueueExecutor$Task.run(EnhancedQueueExecutor.java:2513)
	at org.jboss.threads.EnhancedQueueExecutor$ThreadBody.run(EnhancedQueueExecutor.java:1538)
	at java.base/java.lang.Thread.run(Thread.java:1583)
	at org.jboss.threads.JBossThread.run(JBossThread.java:501)
Caused by: java.lang.IllegalArgumentException: Java 21 (65) is not supported by the current version of Byte Buddy which officially supports Java 20 (64) - update Byte Buddy or set net.bytebuddy.experimental as a VM property
	at net.bytebuddy.utility.OpenedClassReader.of(OpenedClassReader.java:96)
	at net.bytebuddy.pool.TypePool$Default.parse(TypePool.java:855)
	at net.bytebuddy.pool.TypePool$Default.doDescribe(TypePool.java:841)
	at net.bytebuddy.pool.TypePool$Default$WithLazyResolution.access$001(TypePool.java:921)
	at net.bytebuddy.pool.TypePool$Default$WithLazyResolution.doResolve(TypePool.java:1019)
	at net.bytebuddy.pool.TypePool$Default$WithLazyResolution$LazyTypeDescription.delegate(TypePool.java:1088)
	at net.bytebuddy.description.type.TypeDescription$AbstractBase$OfSimpleType$WithDelegation.getTypeVariables(TypeDescription.java:8448)
	at net.bytebuddy.description.type.TypeDescription$AbstractBase.isGenerified(TypeDescription.java:8059)
	at net.bytebuddy.description.type.TypeDescription$Generic$Visitor$Reifying.onNonGenericType(TypeDescription.java:1707)
	at net.bytebuddy.description.type.TypeDescription$Generic$Visitor$Reifying$1.onNonGenericType(TypeDescription.java:1663)
	at net.bytebuddy.description.type.TypeDescription$Generic$OfNonGenericType.accept(TypeDescription.java:3672)
	at net.bytebuddy.description.type.TypeDescription$Generic$LazyProjection.accept(TypeDescription.java:6222)
	at net.bytebuddy.dynamic.scaffold.MethodGraph$Compiler$Default.analyzeNullable(MethodGraph.java:698)
	at net.bytebuddy.dynamic.scaffold.MethodGraph$Compiler$Default.doAnalyze(MethodGraph.java:712)
	at net.bytebuddy.dynamic.scaffold.MethodGraph$Compiler$Default.analyze(MethodGraph.java:679)
	at net.bytebuddy.dynamic.scaffold.MethodGraph$Compiler$Default.analyzeNullable(MethodGraph.java:698)
	at net.bytebuddy.dynamic.scaffold.MethodGraph$Compiler$Default.doAnalyze(MethodGraph.java:712)
	at net.bytebuddy.dynamic.scaffold.MethodGraph$Compiler$Default.compile(MethodGraph.java:637)
	at net.bytebuddy.dynamic.scaffold.MethodGraph$Compiler$AbstractBase.compile(MethodGraph.java:527)
	at org.hibernate.bytecode.enhance.internal.bytebuddy.ByteBuddyEnhancementContext.lambda$resolveGetter$0(ByteBuddyEnhancementContext.java:94)
	at java.base/java.util.concurrent.ConcurrentHashMap.computeIfAbsent(ConcurrentHashMap.java:1708)
	at org.hibernate.bytecode.enhance.internal.bytebuddy.ByteBuddyEnhancementContext.resolveGetter(ByteBuddyEnhancementContext.java:93)
	at org.hibernate.bytecode.enhance.internal.bytebuddy.EnhancerImpl$AnnotatedFieldDescription.getGetter(EnhancerImpl.java:545)
	at org.hibernate.bytecode.enhance.internal.bytebuddy.EnhancerImpl$AnnotatedFieldDescription.doGetAnnotations(EnhancerImpl.java:574)
	at org.hibernate.bytecode.enhance.internal.bytebuddy.EnhancerImpl$AnnotatedFieldDescription.getAnnotations(EnhancerImpl.java:553)
	at org.hibernate.bytecode.enhance.internal.bytebuddy.EnhancerImpl$AnnotatedFieldDescription.hasAnnotation(EnhancerImpl.java:503)
	at org.hibernate.bytecode.enhance.spi.DefaultEnhancementContext.isPersistentField(DefaultEnhancementContext.java:103)
	at org.hibernate.bytecode.enhance.internal.bytebuddy.ByteBuddyEnhancementContext.isPersistentField(ByteBuddyEnhancementContext.java:68)
	at org.hibernate.bytecode.enhance.internal.bytebuddy.PersistentAttributeTransformer.collectPersistentFields(PersistentAttributeTransformer.java:123)
	at org.hibernate.bytecode.enhance.internal.bytebuddy.EnhancerImpl.createTransformer(EnhancerImpl.java:384)
	at org.hibernate.bytecode.enhance.internal.bytebuddy.EnhancerImpl.doEnhance(EnhancerImpl.java:371)
	at org.hibernate.bytecode.enhance.internal.bytebuddy.EnhancerImpl.lambda$enhance$0(EnhancerImpl.java:151)
	at org.hibernate.bytecode.internal.bytebuddy.ByteBuddyState.rewrite(ByteBuddyState.java:163)
	at org.hibernate.bytecode.enhance.internal.bytebuddy.EnhancerImpl.enhance(EnhancerImpl.java:151)
	... 12 more

